Build started 2016/11/6 星期日 下午 3:37:15.
     1>Project "C:\Users\Administrator.SC-201611052251\Desktop\SMT\SMT\SMT.vcxproj" on node 2 (build target(s)).
     1>InitializeBuildStatus:
         Touching ".\Debug\SMT.unsuccessfulbuild".
       ClCompile:
         All outputs are up-to-date.
         All outputs are up-to-date.
       ResourceCompile:
         All outputs are up-to-date.
       ManifestResourceCompile:
         All outputs are up-to-date.
       Link:
         C:\Program Files\Microsoft Visual Studio 10.0\VC\bin\link.exe /ERRORREPORT:PROMPT /OUT:".\Debug\SMT.exe" /INCREMENTAL /NOLOGO LTDMC.lib HVDAILT.lib Raw2Rgb.lib HVUtil.lib HVExtend.lib opencv_ml249d.lib opencv_calib3d249d.lib opencv_contrib249d.lib opencv_core249d.lib opencv_features2d249d.lib opencv_flann249d.lib opencv_gpu249d.lib opencv_highgui249d.lib opencv_imgproc249d.lib opencv_legacy249d.lib opencv_objdetect249d.lib opencv_ts249d.lib opencv_video249d.lib opencv_nonfree249d.lib opencv_ocl249d.lib opencv_photo249d.lib opencv_stitching249d.lib opencv_superres249d.lib opencv_videostab249d.lib /MANIFEST /ManifestFile:".\Debug\SMT.exe.intermediate.manifest" /MANIFESTUAC:"level='asInvoker' uiAccess='false'" /DEBUG /PDB:"C:\Users\Administrator.SC-201611052251\Desktop\SMT\SMT\Debug\SMT.pdb" /SUBSYSTEM:WINDOWS /TLBID:1 /DYNAMICBASE /NXCOMPAT /IMPLIB:".\Debug\SMT.lib" /MACHINE:X86 .\Debug\SMT.res
         .\Debug\SMT.exe.embed.manifest.res
         .\Debug\CvvImage.obj
         .\Debug\ErrorBox.obj
         .\Debug\SMT.obj
         .\Debug\SMTDlg.obj
         .\Debug\stdafx.obj
       Manifest:
         C:\Program Files\Microsoft SDKs\Windows\v7.0A\bin\mt.exe /nologo /verbose /out:".\Debug\SMT.exe.embed.manifest" /manifest .\Debug\SMT.exe.intermediate.manifest "C:\Program Files\Microsoft Visual Studio 10.0\VC\Include\Manifest\dpiaware.manifest"
         All outputs are up-to-date.
       LinkEmbedManifest:
         All outputs are up-to-date.
         SMT.vcxproj -> C:\Users\Administrator.SC-201611052251\Desktop\SMT\SMT\.\Debug\SMT.exe
       FinalizeBuildStatus:
         Deleting file ".\Debug\SMT.unsuccessfulbuild".
         Touching ".\Debug\SMT.lastbuildstate".
     1>Done Building Project "C:\Users\Administrator.SC-201611052251\Desktop\SMT\SMT\SMT.vcxproj" (build target(s)).

Build succeeded.

Time Elapsed 00:00:01.10
